Arguments: 
  /usr/local/bin/node /usr/local/bin/yarn

PATH: 
  /Library/Java/JavaVirtualMachines/jdk1.8.0_251.jdk/Contents/Home/bin:/usr/local/bin:/usr/bin:/bin:/usr/sbin:/sbin:/usr/local/Cellar/maven/3.3.3/libexec/bin:/Users/dong/node/v8/depot_tools/:/Users/dong/Library/Android/sdk/tools:/Users/dong/Library/Android/sdk/tools/bin:/Users/dong/Library/Android/sdk/platform-tools:/Users/dong/Library/Android/sdk/emulator

Yarn version: 
  1.13.0

Node version: 
  12.16.3

Platform: 
  darwin x64

Trace: 
  Error: https://registry.yarnpkg.com/octopus-xlite: Not found
      at Request.params.callback [as _callback] (/usr/local/lib/node_modules/yarn/lib/cli.js:66255:18)
      at Request.self.callback (/usr/local/lib/node_modules/yarn/lib/cli.js:129397:22)
      at Request.emit (events.js:310:20)
      at Request.<anonymous> (/usr/local/lib/node_modules/yarn/lib/cli.js:130369:10)
      at Request.emit (events.js:310:20)
      at IncomingMessage.<anonymous> (/usr/local/lib/node_modules/yarn/lib/cli.js:130291:12)
      at Object.onceWrapper (events.js:416:28)
      at IncomingMessage.emit (events.js:322:22)
      at endReadableNT (_stream_readable.js:1187:12)
      at processTicksAndRejections (internal/process/task_queues.js:84:21)

npm manifest: 
  {
      "name": "octopus",
      "productName": "Octopus8",
      "description": "八爪鱼采集器客户端",
      "author": "深圳视界信息技术有限公司",
      "private": true,
      "main": "./main.js",
      "homepage": "./",
      "DEV": false,
      "browserslist": [
          "Chrome >= 60"
      ],
      "dependencies": {
          "electron-log": "^3.0.1",
          "jsonpath": "1.0.3",
          "mysql": "^2.16.0",
          "sqlite": "3.0.5",
          "oracledb": "4.2.0",
          "octopus-xlite": "0.0.1",
          "oap-zh": "2.0.9"
      },
      "version": "8.2.0"
  }

yarn manifest: 
  No manifest

Lockfile: 
  No lockfile
